This is pdfTeXk, Version 3.141592-1.40.3 (Web2C 7.5.6) (format=etex 2009.1.22)  6 FEB 2009 11:23
entering extended mode
 file:line:error style messages enabled.
 %&-line parsing enabled.
**./distel.texi
(./distel.texi (/usr/share/texmf/tex/texinfo/texinfo.tex
Loading texinfo [version 2007-09-03.05]:
\bindingoffset=\dimen16
\normaloffset=\dimen17
\pagewidth=\dimen18
\pageheight=\dimen19
\outerhsize=\dimen20
\outervsize=\dimen21
\cornerlong=\dimen22
\cornerthick=\dimen23
\topandbottommargin=\dimen24
\headlinebox=\box16
\footlinebox=\box17
\margin=\insert252
\EMsimple=\toks13
\groupbox=\box18
\groupinvalidhelp=\toks14
\mil=\dimen25
\exdentamount=\skip18
\inmarginspacing=\skip19
 pdf,
\tempnum=\count27
\lnkcount=\count28
\filename=\toks15
\filenamelength=\count29
\pgn=\count30
\toksA=\toks16
\toksB=\toks17
\toksC=\toks18
\toksD=\toks19
\boxA=\box19
\countA=\count31
\nopdfimagehelp=\toks20
 fonts,
\sffam=\fam8
\textleading=\dimen26
\fontdepth=\count32
 page headings,
\titlepagetopglue=\skip20
\titlepagebottomglue=\skip21
\evenheadline=\toks21
\oddheadline=\toks22
\evenfootline=\toks23
\oddfootline=\toks24
 tables,
\tableindent=\dimen27
\itemindent=\dimen28
\itemmargin=\dimen29
\itemmax=\dimen30
\itemno=\count33
\multitableparskip=\skip22
\multitableparindent=\skip23
\multitablecolspace=\dimen31
\multitablelinespace=\skip24
\colcount=\count34
\everytab=\toks25

conditionals,
\doignorecount=\count35
 indexing,
\whatsitskip=\skip25
\whatsitpenalty=\count36
\secondaryindent=\skip26
\partialpage=\box20
\doublecolumnhsize=\dimen32
 sectioning,
\unnumberedno=\count37
\chapno=\count38
\secno=\count39
\subsecno=\count40
\subsubsecno=\count41
\appendixno=\count42
\absseclevel=\count43
\secbase=\count44
\chapheadingskip=\skip27
\secheadingskip=\skip28
\subsecheadingskip=\skip29
 toc,
\tocfile=\write0
\contentsrightmargin=\skip30
\savepageno=\count45
\lastnegativepageno=\count46
\tocindent=\dimen33
 environments,
\errorbox=\box21
\lispnarrowing=\skip31
\envskipamount=\skip32
\circthick=\dimen34
\cartouter=\dimen35
\cartinner=\dimen36
\normbskip=\skip33
\normpskip=\skip34
\normlskip=\skip35
\lskip=\skip36
\rskip=\skip37
\tabw=\dimen37
 defuns,
\defbodyindent=\skip38
\defargsindent=\skip39
\deflastargmargin=\skip40
\defunpenalty=\count47
\parencount=\count48
\brackcount=\count49
 macros,
\paramno=\count50
\macname=\toks26

cross references,
\auxfile=\write1
\savesfregister=\count51
 insertions,
\footnoteno=\count52
\SAVEfootins=\box22
\SAVEmargin=\box23

(/usr/share/texmf-texlive/tex/generic/epsf/epsf.tex
This is `epsf.tex' v2.7.3 <23 July 2005>
\epsffilein=\read1
\epsfframemargin=\dimen38
\epsfframethickness=\dimen39
\epsfrsize=\dimen40
\epsftmp=\dimen41
\epsftsize=\dimen42
\epsfxsize=\dimen43
\epsfysize=\dimen44
\pspoints=\dimen45
)
\noepsfhelp=\toks27
 localization,
\nolanghelp=\toks28
\countUTFx=\count53
\countUTFy=\count54
\countUTFz=\count55
 formatting,
\defaultparindent=\dimen46
 and turning on texinfo input format.) (./distel.aux)
\openout1 = `distel.aux'.

@cpindfile=@write2
@fnindfile=@write3
@vrindfile=@write4
@tpindfile=@write5
@kyindfile=@write6
@pgindfile=@write7
 [1
\openout2 = `distel.cp'.

\openout3 = `distel.fn'.

\openout4 = `distel.vr'.

\openout5 = `distel.tp'.

\openout6 = `distel.ky'.

\openout7 = `distel.pg'.

] (./distel.toc) [-1] Chapter 1
\openout0 = `distel.toc'.

 Chapter 2 [1] [2] [3] [4] Chapter 3
[5]
Underfull \hbox (badness 2245) in paragraph at lines 489--492
 @textttsl C-c C-d i[]@textrm Toggle in-ter-pret-ed-ness of the cur-rent buffer
's mod-ule. (@texttt edb-toggle-

@hbox(8.2125+2.73749)x433.62, glue set 2.82446
.@glue(@leftskip) 57.81621
.@penalty 10000
.@kern -57.81621
.@textttsl C
.@textttsl -
.etc.

[6]
(dbg.eps
)
[7] [8]
Underfull \hbox (badness 3590) in paragraph at lines 659--662
 @textttsl C-c C-d P[]@textrm Load and dis-play pre-re-corded pro-filer data, f
rom a file cre-ated by

@hbox(7.60416+2.12917)x433.62, glue set 3.30275
.@glue(@leftskip) 57.81621
.@penalty 10000
.@kern -57.81621
.@textttsl C
.@textttsl -
.etc.

[9] ) 
Here is how much of TeX's memory you used:
 1617 strings out of 97164
 18352 string characters out of 1208552
 50175 words of memory out of 1500000
 2783 multiletter control sequences out of 10000+50000
 32127 words of font info for 112 fonts, out of 1200000 for 2000
 51 hyphenation exceptions out of 8191
 12i,5n,22p,283b,334s stack positions out of 5000i,500n,6000p,200000b,5000s

Output written on distel.dvi (11 pages, 34564 bytes).
